WARNING:root:Do not pass an `input_shape`/`input_dim` argument to a layer. When using Sequential models, prefer using an `Input(shape)` object as the first layer in the model instead.
WARNING:root:Do not pass an `input_shape`/`input_dim` argument to a layer. When using Sequential models, prefer using an `Input(shape)` object as the first layer in the model instead.
WARNING:root:Do not pass an `input_shape`/`input_dim` argument to a layer. When using Sequential models, prefer using an `Input(shape)` object as the first layer in the model instead.
WARNING:root:Do not pass an `input_shape`/`input_dim` argument to a layer. When using Sequential models, prefer using an `Input(shape)` object as the first layer in the model instead.
WARNING:root:Do not pass an `input_shape`/`input_dim` argument to a layer. When using Sequential models, prefer using an `Input(shape)` object as the first layer in the model instead.
WARNING:root:Do not pass an `input_shape`/`input_dim` argument to a layer. When using Sequential models, prefer using an `Input(shape)` object as the first layer in the model instead.
WARNING:root:Do not pass an `input_shape`/`input_dim` argument to a layer. When using Sequential models, prefer using an `Input(shape)` object as the first layer in the model instead.
WARNING:root:Do not pass an `input_shape`/`input_dim` argument to a layer. When using Sequential models, prefer using an `Input(shape)` object as the first layer in the model instead.
WARNING:root:Do not pass an `input_shape`/`input_dim` argument to a layer. When using Sequential models, prefer using an `Input(shape)` object as the first layer in the model instead.
WARNING:root:Do not pass an `input_shape`/`input_dim` argument to a layer. When using Sequential models, prefer using an `Input(shape)` object as the first layer in the model instead.
WARNING:root:Do not pass an `input_shape`/`input_dim` argument to a layer. When using Sequential models, prefer using an `Input(shape)` object as the first layer in the model instead.
WARNING:root:Do not pass an `input_shape`/`input_dim` argument to a layer. When using Sequential models, prefer using an `Input(shape)` object as the first layer in the model instead.
WARNING:root:Do not pass an `input_shape`/`input_dim` argument to a layer. When using Sequential models, prefer using an `Input(shape)` object as the first layer in the model instead.
WARNING:root:Do not pass an `input_shape`/`input_dim` argument to a layer. When using Sequential models, prefer using an `Input(shape)` object as the first layer in the model instead.
WARNING:root:Do not pass an `input_shape`/`input_dim` argument to a layer. When using Sequential models, prefer using an `Input(shape)` object as the first layer in the model instead.
WARNING:root:Do not pass an `input_shape`/`input_dim` argument to a layer. When using Sequential models, prefer using an `Input(shape)` object as the first layer in the model instead.
WARNING:root:Do not pass an `input_shape`/`input_dim` argument to a layer. When using Sequential models, prefer using an `Input(shape)` object as the first layer in the model instead.
DEBUG:cmdstanpy:cmd: where.exe tbb.dll
cwd: None
DEBUG:cmdstanpy:Adding TBB (C:\Users\varas\AppData\Local\Programs\Python\Python310\lib\site-packages\prophet\stan_model\cmdstan-2.33.1\stan\lib\stan_math\lib\tbb) to PATH
INFO:prophet:Disabling weekly seasonality. Run prophet with weekly_seasonality=True to override this.
INFO:prophet:Disabling daily seasonality. Run prophet with daily_seasonality=True to override this.
DEBUG:cmdstanpy:input tempfile: C:\Users\varas\AppData\Local\Temp\tmpo8bltpsz\nukkwdxy.json
DEBUG:cmdstanpy:input tempfile: C:\Users\varas\AppData\Local\Temp\tmpo8bltpsz\_vjfwi6j.json
DEBUG:cmdstanpy:idx 0
DEBUG:cmdstanpy:running CmdStan, num_threads: None
DEBUG:cmdstanpy:CmdStan args: ['C:\\Users\\varas\\AppData\\Local\\Programs\\Python\\Python310\\Lib\\site-packages\\prophet\\stan_model\\prophet_model.bin', 'random', 'seed=58767', 'data', 'file=C:\\Users\\varas\\AppData\\Local\\Temp\\tmpo8bltpsz\\nukkwdxy.json', 'init=C:\\Users\\varas\\AppData\\Local\\Temp\\tmpo8bltpsz\\_vjfwi6j.json', 'output', 'file=C:\\Users\\varas\\AppData\\Local\\Temp\\tmpo8bltpsz\\prophet_model3lmburbg\\prophet_model-20250407095202.csv', 'method=optimize', 'algorithm=lbfgs', 'iter=10000']
INFO:cmdstanpy:Chain [1] start processing
INFO:cmdstanpy:Chain [1] done processing
WARNING:root:

This is a future version incompatibility warning from Holidays v0.69
to inform you about an upcoming change in our API versioning strategy that may affect your
project's dependencies. Starting from version 1.0 onwards, we will be following a loose form of
Semantic Versioning (SemVer, https://semver.org) to provide clearer communication regarding any
potential breaking changes.

This means that while we strive to maintain backward compatibility, there might be occasional
updates that introduce breaking changes to our API. To ensure the stability of your projects,
we highly recommend pinning the version of our API that you rely on. You can pin your current
holidays v0.x dependency (e.g., holidays==0.69) or limit it (e.g., holidays<1.0) in order to
avoid potentially unwanted upgrade to the version 1.0 when it's released (ETA 2025Q1-Q2).

If you have any questions or concerns regarding this change, please don't hesitate to reach out
to us via https://github.com/vacanza/holidays/discussions/1800.

DEBUG:cmdstanpy:cmd: where.exe tbb.dll
cwd: None
DEBUG:cmdstanpy:TBB already found in load path
INFO:prophet:Disabling weekly seasonality. Run prophet with weekly_seasonality=True to override this.
INFO:prophet:Disabling daily seasonality. Run prophet with daily_seasonality=True to override this.
DEBUG:cmdstanpy:input tempfile: C:\Users\varas\AppData\Local\Temp\tmpo8bltpsz\codg4zeg.json
DEBUG:cmdstanpy:input tempfile: C:\Users\varas\AppData\Local\Temp\tmpo8bltpsz\1jqfsl0c.json
DEBUG:cmdstanpy:idx 0
DEBUG:cmdstanpy:running CmdStan, num_threads: None
DEBUG:cmdstanpy:CmdStan args: ['C:\\Users\\varas\\AppData\\Local\\Programs\\Python\\Python310\\Lib\\site-packages\\prophet\\stan_model\\prophet_model.bin', 'random', 'seed=51922', 'data', 'file=C:\\Users\\varas\\AppData\\Local\\Temp\\tmpo8bltpsz\\codg4zeg.json', 'init=C:\\Users\\varas\\AppData\\Local\\Temp\\tmpo8bltpsz\\1jqfsl0c.json', 'output', 'file=C:\\Users\\varas\\AppData\\Local\\Temp\\tmpo8bltpsz\\prophet_model60kkouss\\prophet_model-20250407095204.csv', 'method=optimize', 'algorithm=lbfgs', 'iter=10000']
INFO:cmdstanpy:Chain [1] start processing
INFO:cmdstanpy:Chain [1] done processing
WARNING:root:Unknown keyword arguments: dict_keys(['typ']).Passing unknown keyword arguments will raise a TypeError beginning in version 0.15.
WARNING:root:Unknown keyword arguments: dict_keys(['typ']).Passing unknown keyword arguments will raise a TypeError beginning in version 0.15.
